#
# There is insufficient memory for the Java Runtime Environment to continue.
# Native memory allocation (malloc) failed to allocate 117584 bytes for Chunk::new
# Possible reasons:
#   The system is out of physical RAM or swap space
#   The process is running with CompressedOops enabled, and the Java Heap may be blocking the growth of the native heap
# Possible solutions:
#   Reduce memory load on the system
#   Increase physical memory or swap space
#   Check if swap backing store is full
#   Decrease Java heap size (-Xmx/-Xms)
#   Decrease number of Java threads
#   Decrease Java thread stack sizes (-Xss)
#   Set larger code cache with -XX:ReservedCodeCacheSize=
#   JVM is running with Unscaled Compressed Oops mode in which the Java heap is
#     placed in the first 4GB address space. The Java Heap base address is the
#     maximum limit for the native heap growth. Please use -XX:HeapBaseMinAddress
#     to set the Java Heap base and to place the Java Heap above 4GB virtual address.
# This output file may be truncated or incomplete.
#
#  Out of Memory Error (arena.cpp:168), pid=19856, tid=8364
#
# JRE version: Java(TM) SE Runtime Environment (21.0.1+12) (build 21.0.1+12-LTS-29)
# Java VM: Java HotSpot(TM) 64-Bit Server VM (21.0.1+12-LTS-29, mixed mode, sharing, tiered, compressed oops, compressed class ptrs, g1 gc, windows-amd64)
# No core dump will be written. Minidumps are not enabled by default on client versions of Windows
#

---------------  S U M M A R Y ------------

Command Line: -Dclassworlds.conf=C:\Program Files\NetBeans-16\netbeans\java\maven\bin\m2.conf -Dmaven.home=C:\Program Files\NetBeans-16\netbeans\java\maven -Dlibrary.jansi.path=C:\Program Files\NetBeans-16\netbeans\java\maven\lib\jansi-native -Dmaven.multiModuleProjectDirectory=C:\Users\lys\Documents\NetBeansProjects\Amalitekk org.codehaus.plexus.classworlds.launcher.Launcher -Dmaven.ext.class.path=C:\Program Files\NetBeans-16\netbeans\java\maven-nblib\netbeans-eventspy.jar -Dfile.encoding=UTF-8 install

Host: Intel(R) Core(TM) i5-10500 CPU @ 3.10GHz, 12 cores, 3G,  Windows 11 , 64 bit Build 22621 (10.0.22621.3085)
Time: Thu Feb 22 09:41:17 2024 GMT Standard Time elapsed time: 0.490070 seconds (0d 0h 0m 0s)

---------------  T H R E A D  ---------------

Current thread (0x00000288ee1551b0):  JavaThread "C2 CompilerThread0" daemon [_thread_in_native, id=8364, stack(0x000000c840100000,0x000000c840200000) (1024K)]


Current CompileTask:
C2:    490  447       4       java.lang.StringLatin1::replace (198 bytes)

Stack: [0x000000c840100000,0x000000c840200000]
Native frames: (J=compiled Java code, j=interpreted, Vv=VM code, C=native code)
V  [jvm.dll+0x6c9029]
V  [jvm.dll+0x854b81]
V  [jvm.dll+0x856e5e]
V  [jvm.dll+0x857543]
V  [jvm.dll+0x280c06]
V  [jvm.dll+0xc3ead]
V  [jvm.dll+0xc43c3]
V  [jvm.dll+0x3b576c]
V  [jvm.dll+0x382475]
V  [jvm.dll+0x3818ea]
V  [jvm.dll+0x249ad0]
V  [jvm.dll+0x2490b1]
V  [jvm.dll+0x1c9ca1]
V  [jvm.dll+0x2586b9]
V  [jvm.dll+0x256c9a]
V  [jvm.dll+0x3ef1b6]
V  [jvm.dll+0x7fd728]
V  [jvm.dll+0x6c777d]
C  [ucrtbase.dll+0x29363]
C  [KERNEL32.DLL+0x1257d]
C  [ntdll.dll+0x5aa58]


---------------  P R O C E S S  ---------------

Threads class SMR info:
_java_thread_list=0x00000288ee321310, length=11, elements={
0x000002888f3be930, 0x00000288ee14ae80, 0x00000288ee14bda0, 0x00000288ee14fd20,
0x00000288ee152af0, 0x00000288ee156f70, 0x00000288ee159f00, 0x00000288ee1551b0,
0x00000288ee163630, 0x00000288ee32ead0, 0x00000288ee335f90
}

Java Threads: ( => current thread )
  0x000002888f3be930 JavaThread "main"                              [_thread_in_vm, id=8564, stack(0x000000c83f300000,0x000000c83f400000) (1024K)]
  0x00000288ee14ae80 JavaThread "Reference Handler"          daemon [_thread_blocked, id=14056, stack(0x000000c83fb00000,0x000000c83fc00000) (1024K)]
  0x00000288ee14bda0 JavaThread "Finalizer"                  daemon [_thread_blocked, id=20368, stack(0x000000c83fc00000,0x000000c83fd00000) (1024K)]
  0x00000288ee14fd20 JavaThread "Signal Dispatcher"          daemon [_thread_blocked, id=21756, stack(0x000000c83fd00000,0x000000c83fe00000) (1024K)]
  0x00000288ee152af0 JavaThread "Attach Listener"            daemon [_thread_blocked, id=23444, stack(0x000000c83fe00000,0x000000c83ff00000) (1024K)]
  0x00000288ee156f70 JavaThread "Service Thread"             daemon [_thread_blocked, id=7656, stack(0x000000c83ff00000,0x000000c840000000) (1024K)]
  0x00000288ee159f00 JavaThread "Monitor Deflation Thread"   daemon [_thread_blocked, id=21884, stack(0x000000c840000000,0x000000c840100000) (1024K)]
=>0x00000288ee1551b0 JavaThread "C2 CompilerThread0"         daemon [_thread_in_native, id=8364, stack(0x000000c840100000,0x000000c840200000) (1024K)]
  0x00000288ee163630 JavaThread "C1 CompilerThread0"         daemon [_thread_in_vm, id=19276, stack(0x000000c840200000,0x000000c840300000) (1024K)]
  0x00000288ee32ead0 JavaThread "Notification Thread"        daemon [_thread_blocked, id=19892, stack(0x000000c840300000,0x000000c840400000) (1024K)]
  0x00000288ee335f90 JavaThread "Common-Cleaner"             daemon [_thread_blocked, id=24512, stack(0x000000c840400000,0x000000c840500000) (1024K)]
Total: 11

Other Threads:
  0x000002888f39c890 VMThread "VM Thread"                           [id=8368, stack(0x000000c83fa00000,0x000000c83fb00000) (1024K)]
  0x00000288ee11c0d0 WatcherThread "VM Periodic Task Thread"        [id=18852, stack(0x000000c83f900000,0x000000c83fa00000) (1024K)]
  0x000002888f39d370 WorkerThread "GC Thread#0"                     [id=9312, stack(0x000000c83f400000,0x000000c83f500000) (1024K)]
  0x00000288916bc3f0 ConcurrentGCThread "G1 Main Marker"            [id=21556, stack(0x000000c83f500000,0x000000c83f600000) (1024K)]
  0x000002888f39c4f0 WorkerThread "G1 Conc#0"                       [id=3420, stack(0x000000c83f600000,0x000000c83f700000) (1024K)]
  0x0000028891729320 ConcurrentGCThread "G1 Refine#0"               [id=20644, stack(0x000000c83f700000,0x000000c83f800000) (1024K)]
  0x000002889172aea0 ConcurrentGCThread "G1 Service"                [id=22264, stack(0x000000c83f800000,0x000000c83f900000) (1024K)]
Total: 7

Threads with active compile tasks:
C2 CompilerThread0      543  447       4       java.lang.StringLatin1::replace (198 bytes)
C1 CompilerThread0      543  467       3       org.codehaus.plexus.util.xml.pull.MXParser::next (10 bytes)
Total: 2

VM state: not at safepoint (normal execution)

VM Mutex/Monitor currently owned by a thread:  ([mutex/lock_event])
[0x00007ffcd2758578] Metaspace_lock - owner thread: 0x000002888f3be930

Heap address: 0x00000000c2a00000, size: 982 MB, Compressed Oops mode: 32-bit

CDS archive(s) mapped at: [0x00000288ad000000-0x00000288adc90000-0x00000288adc90000), size 13172736, SharedBaseAddress: 0x00000288ad000000, ArchiveRelocationMode: 1.
Compressed class space mapped at: 0x00000288ae000000-0x00000288ee000000, reserved size: 1073741824
Narrow klass base: 0x00000288ad000000, Narrow klass shift: 0, Narrow klass range: 0x100000000

GC Precious Log:
 CardTable entry size: 512
 Card Set container configuration: InlinePtr #cards 5 size 8 Array Of Cards #cards 12 size 40 Howl #buckets 4 coarsen threshold 1843 Howl Bitmap #cards 512 size 80 coarsen threshold 460 Card regions per heap region 1 cards per card region 2048
 CPUs: 12 total, 12 available
 Memory: 3923M
 Large Page Support: Disabled
 NUMA Support: Disabled
 Compressed Oops: Enabled (32-bit)
 Heap Region Size: 1M
 Heap Min Capacity: 8M
 Heap Initial Capacity: 62M
 Heap Max Capacity: 982M
 Pre-touch: Disabled
 Parallel Workers: 10
 Concurrent Workers: 3
 Concurrent Refinement Workers: 10
 Periodic GC: Disabled

Heap:
 garbage-first heap   total 63488K, used 6144K [0x00000000c2a00000, 0x0000000100000000)
  region size 1024K, 7 young (7168K), 0 survivors (0K)
 Metaspace       used 1879K, committed 2048K, reserved 1114112K
  class space    used 161K, committed 256K, reserved 1048576K

Heap Regions: E=young(eden), S=young(survivor), O=old, HS=humongous(starts), HC=humongous(continues), CS=collection set, F=free, TAMS=top-at-mark-start, PB=parsable bottom
|   0|0x00000000c2a00000, 0x00000000c2a00000, 0x00000000c2b00000|  0%| F|  |TAMS 0x00000000c2a00000| PB 0x00000000c2a00000| Untracked 
|   1|0x00000000c2b00000, 0x00000000c2b00000, 0x00000000c2c00000|  0%| F|  |TAMS 0x00000000c2b00000| PB 0x00000000c2b00000| Untracked 
|   2|0x00000000c2c00000, 0x00000000c2c00000, 0x00000000c2d00000|  0%| F|  |TAMS 0x00000000c2c00000| PB 0x00000000c2c00000| Untracked 
|   3|0x00000000c2d00000, 0x00000000c2d00000, 0x00000000c2e00000|  0%| F|  |TAMS 0x00000000c2d00000| PB 0x00000000c2d00000| Untracked 
|   4|0x00000000c2e00000, 0x00000000c2e00000, 0x00000000c2f00000|  0%| F|  |TAMS 0x00000000c2e00000| PB 0x00000000c2e00000| Untracked 
|   5|0x00000000c2f00000, 0x00000000c2f00000, 0x00000000c3000000|  0%| F|  |TAMS 0x00000000c2f00000| PB 0x00000000c2f00000| Untracked 
|   6|0x00000000c3000000, 0x00000000c3000000, 0x00000000c3100000|  0%| F|  |TAMS 0x00000000c3000000| PB 0x00000000c3000000| Untracked 
|   7|0x00000000c3100000, 0x00000000c3100000, 0x00000000c3200000|  0%| F|  |TAMS 0x00000000c3100000| PB 0x00000000c3100000| Untracked 
|   8|0x00000000c3200000, 0x00000000c3200000, 0x00000000c3300000|  0%| F|  |TAMS 0x00000000c3200000| PB 0x00000000c3200000| Untracked 
|   9|0x00000000c3300000, 0x00000000c3300000, 0x00000000c3400000|  0%| F|  |TAMS 0x00000000c3300000| PB 0x00000000c3300000| Untracked 
|  10|0x00000000c3400000, 0x00000000c3400000, 0x00000000c3500000|  0%| F|  |TAMS 0x00000000c3400000| PB 0x00000000c3400000| Untracked 
|  11|0x00000000c3500000, 0x00000000c3500000, 0x00000000c3600000|  0%| F|  |TAMS 0x00000000c3500000| PB 0x00000000c3500000| Untracked 
|  12|0x00000000c3600000, 0x00000000c3600000, 0x00000000c3700000|  0%| F|  |TAMS 0x00000000c3600000| PB 0x00000000c3600000| Untracked 
|  13|0x00000000c3700000, 0x00000000c3700000, 0x00000000c3800000|  0%| F|  |TAMS 0x00000000c3700000| PB 0x00000000c3700000| Untracked 
|  14|0x00000000c3800000, 0x00000000c3800000, 0x00000000c3900000|  0%| F|  |TAMS 0x00000000c3800000| PB 0x00000000c3800000| Untracked 
|  15|0x00000000c3900000, 0x00000000c3900000, 0x00000000c3a00000|  0%| F|  |TAMS 0x00000000c3900000| PB 0x00000000c3900000| Untracked 
|  16|0x00000000c3a00000, 0x00000000c3a00000, 0x00000000c3b00000|  0%| F|  |TAMS 0x00000000c3a00000| PB 0x00000000c3a00000| Untracked 
|  17|0x00000000c3b00000, 0x00000000c3b00000, 0x00000000c3c00000|  0%| F|  |TAMS 0x00000000c3b00000| PB 0x00000000c3b00000| Untracked 
|  18|0x00000000c3c00000, 0x00000000c3c00000, 0x00000000c3d00000|  0%| F|  |TAMS 0x00000000c3c00000| PB 0x00000000c3c00000| Untracked 
|  19|0x00000000c3d00000, 0x00000000c3d00000, 0x00000000c3e00000|  0%| F|  |TAMS 0x00000000c3d00000| PB 0x00000000c3d00000| Untracked 
|  20|0x00000000c3e00000, 0x00000000c3e00000, 0x00000000c3f00000|  0%| F|  |TAMS 0x00000000c3e00000| PB 0x00000000c3e00000| Untracked 
|  21|0x00000000c3f00000, 0x00000000c3f00000, 0x00000000c4000000|  0%| F|  |TAMS 0x00000000c3f00000| PB 0x00000000c3f00000| Untracked 
|  22|0x00000000c4000000, 0x00000000c4000000, 0x00000000c4100000|  0%| F|  |TAMS 0x00000000c4000000| PB 0x00000000c4000000| Untracked 
|  23|0x00000000c4100000, 0x00000000c4100000, 0x00000000c4200000|  0%| F|  |TAMS 0x00000000c4100000| PB 0x00000000c4100000| Untracked 
|  24|0x00000000c4200000, 0x00000000c4200000, 0x00000000c4300000|  0%| F|  |TAMS 0x00000000c4200000| PB 0x00000000c4200000| Untracked 
|  25|0x00000000c4300000, 0x00000000c4300000, 0x00000000c4400000|  0%| F|  |TAMS 0x00000000c4300000| PB 0x00000000c4300000| Untracked 
|  26|0x00000000c4400000, 0x00000000c4400000, 0x00000000c4500000|  0%| F|  |TAMS 0x00000000c4400000| PB 0x00000000c4400000| Untracked 
|  27|0x00000000c4500000, 0x00000000c4500000, 0x00000000c4600000|  0%| F|  |TAMS 0x00000000c4500000| PB 0x00000000c4500000| Untracked 
|  28|0x00000000c4600000, 0x00000000c4600000, 0x00000000c4700000|  0%| F|  |TAMS 0x00000000c4600000| PB 0x00000000c4600000| Untracked 
|  29|0x00000000c4700000, 0x00000000c4700000, 0x00000000c4800000|  0%| F|  |TAMS 0x00000000c4700000| PB 0x00000000c4700000| Untracked 
|  30|0x00000000c4800000, 0x00000000c4800000, 0x00000000c4900000|  0%| F|  |TAMS 0x00000000c4800000| PB 0x00000000c4800000| Untracked 
|  31|0x00000000c4900000, 0x00000000c4900000, 0x00000000c4a00000|  0%| F|  |TAMS 0x00000000c4900000| PB 0x00000000c4900000| Untracked 
|  32|0x00000000c4a00000, 0x00000000c4a00000, 0x00000000c4b00000|  0%| F|  |TAMS 0x00000000c4a00000| PB 0x00000000c4a00000| Untracked 
|  33|0x00000000c4b00000, 0x00000000c4b00000, 0x00000000c4c00000|  0%| F|  |TAMS 0x00000000c4b00000| PB 0x00000000c4b00000| Untracked 
|  34|0x00000000c4c00000, 0x00000000c4c00000, 0x00000000c4d00000|  0%| F|  |TAMS 0x00000000c4c00000| PB 0x00000000c4c00000| Untracked 
|  35|0x00000000c4d00000, 0x00000000c4d00000, 0x00000000c4e00000|  0%| F|  |TAMS 0x00000000c4d00000| PB 0x00000000c4d00000| Untracked 
|  36|0x00000000c4e00000, 0x00000000c4e00000, 0x00000000c4f00000|  0%| F|  |TAMS 0x00000000c4e00000| PB 0x00000000c4e00000| Untracked 
|  37|0x00000000c4f00000, 0x00000000c4f00000, 0x00000000c5000000|  0%| F|  |TAMS 0x00000000c4f00000| PB 0x00000000c4f00000| Untracked 
|  38|0x00000000c5000000, 0x00000000c5000000, 0x00000000c5100000|  0%| F|  |TAMS 0x00000000c5000000| PB 0x00000000c5000000| Untracked 
|  39|0x00000000c5100000, 0x00000000c5100000, 0x00000000c5200000|  0%| F|  |TAMS 0x00000000c5100000| PB 0x00000000c5100000| Untracked 
|  40|0x00000000c5200000, 0x00000000c5200000, 0x00000000c5300000|  0%| F|  |TAMS 0x00000000c5200000| PB 0x00000000c5200000| Untracked 
|  41|0x00000000c5300000, 0x00000000c5300000, 0x00000000c5400000|  0%| F|  |TAMS 0x00000000c5300000| PB 0x00000000c5300000| Untracked 
|  42|0x00000000c5400000, 0x00000000c5400000, 0x00000000c5500000|  0%| F|  |TAMS 0x00000000c5400000| PB 0x00000000c5400000| Untracked 
|  43|0x00000000c5500000, 0x00000000c5500000, 0x00000000c5600000|  0%| F|  |TAMS 0x00000000c5500000| PB 0x00000000c5500000| Untracked 
|  44|0x00000000c5600000, 0x00000000c5600000, 0x00000000c5700000|  0%| F|  |TAMS 0x00000000c5600000| PB 0x00000000c5600000| Untracked 
|  45|0x00000000c5700000, 0x00000000c5700000, 0x00000000c5800000|  0%| F|  |TAMS 0x00000000c5700000| PB 0x00000000c5700000| Untracked 
|  46|0x00000000c5800000, 0x00000000c5800000, 0x00000000c5900000|  0%| F|  |TAMS 0x00000000c5800000| PB 0x00000000c5800000| Untracked 
|  47|0x00000000c5900000, 0x00000000c5900000, 0x00000000c5a00000|  0%| F|  |TAMS 0x00000000c5900000| PB 0x00000000c5900000| Untracked 
|  48|0x00000000c5a00000, 0x00000000c5a00000, 0x00000000c5b00000|  0%| F|  |TAMS 0x00000000c5a00000| PB 0x00000000c5a00000| Untracked 
|  49|0x00000000c5b00000, 0x00000000c5b00000, 0x00000000c5c00000|  0%| F|  |TAMS 0x00000000c5b00000| PB 0x00000000c5b00000| Untracked 
|  50|0x00000000c5c00000, 0x00000000c5c00000, 0x00000000c5d00000|  0%| F|  |TAMS 0x00000000c5c00000| PB 0x00000000c5c00000| Untracked 
|  51|0x00000000c5d00000, 0x00000000c5d00000, 0x00000000c5e00000|  0%| F|  |TAMS 0x00000000c5d00000| PB 0x00000000c5d00000| Untracked 
|  52|0x00000000c5e00000, 0x00000000c5e00000, 0x00000000c5f00000|  0%| F|  |TAMS 0x00000000c5e00000| PB 0x00000000c5e00000| Untracked 
|  53|0x00000000c5f00000, 0x00000000c5f00000, 0x00000000c6000000|  0%| F|  |TAMS 0x00000000c5f00000| PB 0x00000000c5f00000| Untracked 
|  54|0x00000000c6000000, 0x00000000c6000000, 0x00000000c6100000|  0%| F|  |TAMS 0x00000000c6000000| PB 0x00000000c6000000| Untracked 
|  55|0x00000000c6100000, 0x00000000c61ee428, 0x00000000c6200000| 93%| E|  |TAMS 0x00000000c6100000| PB 0x00000000c6100000| Complete 
|  56|0x00000000c6200000, 0x00000000c6300000, 0x00000000c6300000|100%| E|CS|TAMS 0x00000000c6200000| PB 0x00000000c6200000| Complete 
|  57|0x00000000c6300000, 0x00000000c6400000, 0x00000000c6400000|100%| E|CS|TAMS 0x00000000c6300000| PB 0x00000000c6300000| Complete 
|  58|0x00000000c6400000, 0x00000000c6500000, 0x00000000c6500000|100%| E|CS|TAMS 0x00000000c6400000| PB 0x00000000c6400000| Complete 
|  59|0x00000000c6500000, 0x00000000c6600000, 0x00000000c6600000|100%| E|CS|TAMS 0x00000000c6500000| PB 0x00000000c6500000| Complete 
|  60|0x00000000c6600000, 0x00000000c6700000, 0x00000000c6700000|100%| E|CS|TAMS 0x00000000c6600000| PB 0x00000000c6600000| Complete 
|  61|0x00000000c6700000, 0x00000000c6800000, 0x00000000c6800000|100%| E|CS|TAMS 0x00000000c6700000| PB 0x00000000c6700000| Complete 

Card table byte_map: [0x00000288a9220000,0x00000288a9410000] _byte_map_base: 0x00000288a8c0b000

Marking Bits: (CMBitMap*) 0x00000288916b3ea0
 Bits: [0x00000288a9410000, 0x00000288aa368000)

Polling page: 0x0000028890e40000

Metaspace:

Usage:
  Non-class:      1.68 MB used.
      Class:    161.12 KB used.
       Both:      1.84 MB used.

Virtual space:
  Non-class space:       64.00 MB reserved,       1.75 MB (  3%) committed,  1 nodes.
      Class space:        1.00 GB reserved,     256.00 KB ( <1%) committed,  1 nodes.
             Both:        1.06 GB reserved,       2.00 MB ( <1%) committed. 

Chunk freelists:
   Non-Class:  11.11 MB
       Class:  15.64 MB
        Both:  26.75 MB

MaxMetaspaceSize: unlimited
CompressedClassSpaceSize: 1.00 GB
Initial GC threshold: 21.00 MB
Current GC threshold: 21.00 MB
CDS: on
 - commit_granule_bytes: 65536.
 - commit_granule_words: 8192.
 - virtual_space_node_default_size: 8388608.
 - enlarge_chunks_in_place: 1.
 - use_allocation_guard: 0.


Internal statistics:

num_allocs_failed_limit: 0.
num_arena_births: 22.
num_arena_deaths: 0.
num_vsnodes_births: 2.
num_vsnodes_deaths: 0.
num_space_committed: 32.
num_space_uncommitted: 0.
num_chunks_returned_to_freelist: 0.
num_chunks_taken_from_freelist: 67.
num_chunk_merges: 0.
num_chunk_splits: 46.
num_chunks_enlarged: 38.
num_inconsistent_stats: 0.

CodeHeap 'non-profiled nmethods': size=120000Kb used=139Kb max_used=139Kb free=119860Kb
 bounds [0x00000288a15a0000, 0x00000288a1810000, 0x00000288a8ad0000]
CodeHeap 'profiled nmethods': size=120000Kb used=738Kb max_used=738Kb free=119261Kb
 bounds [0x0000028899ad0000, 0x0000028899d40000, 0x00000288a1000000]
CodeHeap 'non-nmethods': size=5760Kb used=1288Kb max_used=1300Kb free=4471Kb
 bounds [0x00000288a1000000, 0x00000288a1270000, 0x00000288a15a0000]
 total_blobs=868 nmethods=465 adapters=308
 compilation: enabled
              stopped_count=0, restarted_count=0
 full_count=0

Compilation events (20 events):
Event: 0.480 Thread 0x00000288ee163630  445       3       jdk.internal.loader.ClassLoaders$AppClassLoader::loadClass (40 bytes)
Event: 0.480 Thread 0x00000288ee163630 nmethod 445 0x0000028899b7d410 code [0x0000028899b7d5e0, 0x0000028899b7d9e0]
Event: 0.480 Thread 0x00000288ee163630  446       3       jdk.internal.loader.BuiltinClassLoader::loadClass (22 bytes)
Event: 0.480 Thread 0x00000288ee163630 nmethod 446 0x0000028899b7db90 code [0x0000028899b7dd60, 0x0000028899b7e020]
Event: 0.480 Thread 0x00000288ee163630  448       3       java.lang.String::indexOf (18 bytes)
Event: 0.481 Thread 0x00000288ee163630 nmethod 448 0x0000028899b7e110 code [0x0000028899b7e2e0, 0x0000028899b7e5b0]
Event: 0.481 Thread 0x00000288ee1551b0 nmethod 441 0x00000288a15c1810 code [0x00000288a15c19c0, 0x00000288a15c1bb8]
Event: 0.481 Thread 0x00000288ee1551b0  447       4       java.lang.StringLatin1::replace (198 bytes)
Event: 0.483 Thread 0x00000288ee163630  449       3       java.lang.invoke.MethodType::parameterCount (6 bytes)
Event: 0.483 Thread 0x00000288ee163630 nmethod 449 0x0000028899b7e710 code [0x0000028899b7e8a0, 0x0000028899b7e9b8]
Event: 0.483 Thread 0x00000288ee163630  451       1       java.lang.invoke.MethodHandle::type (5 bytes)
Event: 0.483 Thread 0x00000288ee163630 nmethod 451 0x00000288a15c2110 code [0x00000288a15c22a0, 0x00000288a15c2368]
Event: 0.483 Thread 0x00000288ee163630  453       1       java.lang.invoke.MethodTypeForm::erasedType (5 bytes)
Event: 0.483 Thread 0x00000288ee163630 nmethod 453 0x00000288a15c2710 code [0x00000288a15c28a0, 0x00000288a15c2968]
Event: 0.483 Thread 0x00000288ee163630  454       3       java.lang.invoke.LambdaForm$Name::initIndex (26 bytes)
Event: 0.483 Thread 0x00000288ee163630 nmethod 454 0x0000028899b7ea90 code [0x0000028899b7ec40, 0x0000028899b7ee00]
Event: 0.483 Thread 0x00000288ee163630  455       3       java.util.regex.Pattern::has (15 bytes)
Event: 0.483 Thread 0x00000288ee163630 nmethod 455 0x0000028899b7ee90 code [0x0000028899b7f020, 0x0000028899b7f190]
Event: 0.484 Thread 0x00000288ee163630  456       1       sun.util.locale.BaseLocale::getLanguage (5 bytes)
Event: 0.484 Thread 0x00000288ee163630 nmethod 456 0x00000288a15c2a10 code [0x00000288a15c2ba0, 0x00000288a15c2c68]

GC Heap History (0 events):
No events

Dll operation events (8 events):
Event: 0.012 Loaded shared library C:\Program Files\Java\jdk-21\bin\java.dll
Event: 0.048 Loaded shared library C:\Program Files\Java\jdk-21\bin\jsvml.dll
Event: 0.064 Loaded shared library C:\Program Files\Java\jdk-21\bin\net.dll
Event: 0.067 Loaded shared library C:\Program Files\Java\jdk-21\bin\nio.dll
Event: 0.071 Loaded shared library C:\Program Files\Java\jdk-21\bin\zip.dll
Event: 0.184 Loaded shared library C:\Program Files\Java\jdk-21\bin\jimage.dll
Event: 0.410 Loaded shared library C:\Program Files\NetBeans-16\netbeans\java\maven\lib\jansi-native\Windows\x86_64\jansi.dll
Event: 0.422 Loaded shared library C:\Program Files\Java\jdk-21\bin\verify.dll

Deoptimization events (16 events):
Event: 0.118 Thread 0x000002888f3be930 Uncommon trap: trap_request=0xffffff45 fr.pc=0x00000288a15a5df8 relative=0x00000000000002b8
Event: 0.118 Thread 0x000002888f3be930 Uncommon trap: reason=unstable_if action=reinterpret pc=0x00000288a15a5df8 method=java.lang.StringLatin1.hashCode([B)I @ 2 c2
Event: 0.118 Thread 0x000002888f3be930 DEOPT PACKING pc=0x00000288a15a5df8 sp=0x000000c83f3fa5a0
Event: 0.118 Thread 0x000002888f3be930 DEOPT UNPACKING pc=0x00000288a10546a2 sp=0x000000c83f3fa4d8 mode 2
Event: 0.149 Thread 0x000002888f3be930 Uncommon trap: trap_request=0xffffff45 fr.pc=0x00000288a15a6ef0 relative=0x0000000000000150
Event: 0.149 Thread 0x000002888f3be930 Uncommon trap: reason=unstable_if action=reinterpret pc=0x00000288a15a6ef0 method=java.lang.StringCoding.countPositives([BII)I @ 17 c2
Event: 0.149 Thread 0x000002888f3be930 DEOPT PACKING pc=0x00000288a15a6ef0 sp=0x000000c83f3fa640
Event: 0.149 Thread 0x000002888f3be930 DEOPT UNPACKING pc=0x00000288a10546a2 sp=0x000000c83f3fa5e0 mode 2
Event: 0.163 Thread 0x000002888f3be930 Uncommon trap: trap_request=0xffffff45 fr.pc=0x00000288a15af398 relative=0x0000000000000078
Event: 0.163 Thread 0x000002888f3be930 Uncommon trap: reason=unstable_if action=reinterpret pc=0x00000288a15af398 method=java.io.WinNTFileSystem.isSlash(C)Z @ 9 c2
Event: 0.163 Thread 0x000002888f3be930 DEOPT PACKING pc=0x00000288a15af398 sp=0x000000c83f3fe650
Event: 0.163 Thread 0x000002888f3be930 DEOPT UNPACKING pc=0x00000288a10546a2 sp=0x000000c83f3fe5d8 mode 2
Event: 0.455 Thread 0x000002888f3be930 Uncommon trap: trap_request=0xffffff45 fr.pc=0x00000288a15b30dc relative=0x000000000000019c
Event: 0.455 Thread 0x000002888f3be930 Uncommon trap: reason=unstable_if action=reinterpret pc=0x00000288a15b30dc method=java.util.zip.ZipFile$Source.isMetaName([BII)Z @ 43 c2
Event: 0.455 Thread 0x000002888f3be930 DEOPT PACKING pc=0x00000288a15b30dc sp=0x000000c83f3fdd70
Event: 0.455 Thread 0x000002888f3be930 DEOPT UNPACKING pc=0x00000288a10546a2 sp=0x000000c83f3fdd18 mode 2

Classes loaded (20 events):
Event: 0.466 Loading class java/lang/InstantiationException done
Event: 0.470 Loading class java/io/StringWriter
Event: 0.470 Loading class java/io/StringWriter done
Event: 0.470 Loading class java/io/StringReader
Event: 0.471 Loading class java/io/StringReader done
Event: 0.475 Loading class java/lang/StringIndexOutOfBoundsException
Event: 0.475 Loading class java/lang/IndexOutOfBoundsException
Event: 0.476 Loading class java/lang/IndexOutOfBoundsException done
Event: 0.476 Loading class java/lang/StringIndexOutOfBoundsException done
Event: 0.476 Loading class java/util/StringTokenizer
Event: 0.476 Loading class java/util/StringTokenizer done
Event: 0.481 Loading class java/io/FileReader
Event: 0.481 Loading class java/io/FileReader done
Event: 0.482 Loading class java/util/regex/Pattern$BnM
Event: 0.482 Loading class java/util/regex/Pattern$BnM done
Event: 0.482 Loading class java/util/regex/Pattern$SliceS
Event: 0.482 Loading class java/util/regex/Pattern$SliceS done
Event: 0.483 Loading class java/text/MessageFormat
Event: 0.484 Loading class java/text/MessageFormat done
Event: 0.488 Loading class java/io/EOFException

Classes unloaded (0 events):
No events

Classes redefined (0 events):
No events

Internal exceptions (10 events):
Event: 0.170 Thread 0x000002888f3be930 Exception <a 'java/lang/NoSuchMethodError'{0x00000000c64af570}: 'java.lang.Object java.lang.invoke.Invokers$Holder.invokeExact_MT(java.lang.Object, java.lang.Object, java.lang.Object, java.lang.Object, java.lang.Object)'> (0x00000000c64af570) 
thrown [s\open\src\hotspot\share\interpreter\linkResolver.cpp, line 773]
Event: 0.180 Thread 0x000002888f3be930 Exception <a 'java/lang/NullPointerException'{0x00000000c6316b80}> (0x00000000c6316b80) 
thrown [s\open\src\hotspot\share\interpreter\linkResolver.cpp, line 1372]
Event: 0.413 Thread 0x000002888f3be930 Exception <a 'java/lang/NullPointerException'{0x00000000c6359170}> (0x00000000c6359170) 
thrown [s\open\src\hotspot\share\interpreter\linkResolver.cpp, line 1372]
Event: 0.413 Thread 0x000002888f3be930 Exception <a 'java/lang/NullPointerException'{0x00000000c6359450}> (0x00000000c6359450) 
thrown [s\open\src\hotspot\share\interpreter\linkResolver.cpp, line 1372]
Event: 0.413 Thread 0x000002888f3be930 Exception <a 'java/lang/NullPointerException'{0x00000000c6359730}> (0x00000000c6359730) 
thrown [s\open\src\hotspot\share\interpreter\linkResolver.cpp, line 1372]
Event: 0.413 Thread 0x000002888f3be930 Exception <a 'java/lang/NullPointerException'{0x00000000c635e498}> (0x00000000c635e498) 
thrown [s\open\src\hotspot\share\interpreter\linkResolver.cpp, line 1372]
Event: 0.416 Thread 0x000002888f3be930 Exception <a 'java/lang/NullPointerException'{0x00000000c6370e00}> (0x00000000c6370e00) 
thrown [s\open\src\hotspot\share\interpreter\linkResolver.cpp, line 1372]
Event: 0.416 Thread 0x000002888f3be930 Exception <a 'java/lang/NullPointerException'{0x00000000c63710e0}> (0x00000000c63710e0) 
thrown [s\open\src\hotspot\share\interpreter\linkResolver.cpp, line 1372]
Event: 0.416 Thread 0x000002888f3be930 Exception <a 'java/lang/NullPointerException'{0x00000000c63713c0}> (0x00000000c63713c0) 
thrown [s\open\src\hotspot\share\interpreter\linkResolver.cpp, line 1372]
Event: 0.416 Thread 0x000002888f3be930 Exception <a 'java/lang/NullPointerException'{0x00000000c63716a0}> (0x00000000c63716a0) 
thrown [s\open\src\hotspot\share\interpreter\linkResolver.cpp, line 1372]

ZGC Phase Switch (0 events):
No events

VM Operations (6 events):
Event: 0.071 Executing VM operation: HandshakeAllThreads (Deoptimize)
Event: 0.071 Executing VM operation: HandshakeAllThreads (Deoptimize) done
Event: 0.179 Executing VM operation: HandshakeAllThreads (Deoptimize)
Event: 0.179 Executing VM operation: HandshakeAllThreads (Deoptimize) done
Event: 0.188 Executing VM operation: HandshakeAllThreads (Deoptimize)
Event: 0.188 Executing VM operation: HandshakeAllThreads (Deoptimize) done

Events (11 events):
Event: 0.033 Thread 0x000002888f3be930 Thread added: 0x000002888f3be930
Event: 0.046 Thread 0x00000288ee14ae80 Thread added: 0x00000288ee14ae80
Event: 0.046 Thread 0x00000288ee14bda0 Thread added: 0x00000288ee14bda0
Event: 0.046 Thread 0x00000288ee14fd20 Thread added: 0x00000288ee14fd20
Event: 0.046 Thread 0x00000288ee152af0 Thread added: 0x00000288ee152af0
Event: 0.047 Thread 0x00000288ee156f70 Thread added: 0x00000288ee156f70
Event: 0.047 Thread 0x00000288ee159f00 Thread added: 0x00000288ee159f00
Event: 0.047 Thread 0x00000288ee1551b0 Thread added: 0x00000288ee1551b0
Event: 0.047 Thread 0x00000288ee163630 Thread added: 0x00000288ee163630
Event: 0.059 Thread 0x00000288ee32ead0 Thread added: 0x00000288ee32ead0
Event: 0.062 Thread 0x00000288ee335f90 Thread added: 0x00000288ee335f90


Dynamic libraries:
0x00007ff69bea0000 - 0x00007ff69beb0000 	C:\Program Files\Java\jdk-21\bin\java.exe
0x00007ffd498b0000 - 0x00007ffd49ac7000 	C:\Windows\SYSTEM32\ntdll.dll
0x00007ffd478c0000 - 0x00007ffd47984000 	C:\Windows\System32\KERNEL32.DLL
0x00007ffd46e80000 - 0x00007ffd47226000 	C:\Windows\System32\KERNELBASE.dll
0x00007ffd472d0000 - 0x00007ffd473e1000 	C:\Windows\System32\ucrtbase.dll
0x00007ffd42460000 - 0x00007ffd42479000 	C:\Program Files\Java\jdk-21\bin\jli.dll
0x00007ffd41fe0000 - 0x00007ffd41ffb000 	C:\Program Files\Java\jdk-21\bin\VCRUNTIME140.dll
0x00007ffd49470000 - 0x00007ffd49523000 	C:\Windows\System32\ADVAPI32.dll
0x00007ffd48260000 - 0x00007ffd48307000 	C:\Windows\System32\msvcrt.dll
0x00007ffd476c0000 - 0x00007ffd47768000 	C:\Windows\System32\sechost.dll
0x00007ffd46d90000 - 0x00007ffd46db8000 	C:\Windows\System32\bcrypt.dll
0x00007ffd477a0000 - 0x00007ffd478b7000 	C:\Windows\System32\RPCRT4.dll
0x00007ffd48720000 - 0x00007ffd488ce000 	C:\Windows\System32\USER32.dll
0x00007ffd46bf0000 - 0x00007ffd46c16000 	C:\Windows\System32\win32u.dll
0x00007ffd2a8b0000 - 0x00007ffd2ab43000 	C:\Windows\WinSxS\amd64_microsoft.windows.common-controls_6595b64144ccf1df_6.0.22621.2506_none_270c5ae97388e100\COMCTL32.dll
0x00007ffd47770000 - 0x00007ffd47799000 	C:\Windows\System32\GDI32.dll
0x00007ffd473f0000 - 0x00007ffd47508000 	C:\Windows\System32\gdi32full.dll
0x00007ffd47230000 - 0x00007ffd472ca000 	C:\Windows\System32\msvcp_win.dll
0x00007ffd3f690000 - 0x00007ffd3f69a000 	C:\Windows\SYSTEM32\VERSION.dll
0x00007ffd49430000 - 0x00007ffd49461000 	C:\Windows\System32\IMM32.DLL
0x00007ffd42450000 - 0x00007ffd4245c000 	C:\Program Files\Java\jdk-21\bin\vcruntime140_1.dll
0x00007ffd324f0000 - 0x00007ffd3257e000 	C:\Program Files\Java\jdk-21\bin\msvcp140.dll
0x00007ffcd1b20000 - 0x00007ffcd2835000 	C:\Program Files\Java\jdk-21\bin\server\jvm.dll
0x00007ffd47630000 - 0x00007ffd476a1000 	C:\Windows\System32\WS2_32.dll
0x00007ffd20fb0000 - 0x00007ffd20fe4000 	C:\Windows\SYSTEM32\WINMM.dll
0x00007ffd46ac0000 - 0x00007ffd46b0d000 	C:\Windows\SYSTEM32\POWRPROF.dll
0x00007ffd469f0000 - 0x00007ffd46a03000 	C:\Windows\SYSTEM32\UMPDC.dll
0x00007ffd45bf0000 - 0x00007ffd45c08000 	C:\Windows\SYSTEM32\kernel.appcore.dll
0x00007ffd42420000 - 0x00007ffd4242a000 	C:\Program Files\Java\jdk-21\bin\jimage.dll
0x00007ffd1fdc0000 - 0x00007ffd1fff3000 	C:\Windows\SYSTEM32\DBGHELP.DLL
0x00007ffd48310000 - 0x00007ffd48699000 	C:\Windows\System32\combase.dll
0x00007ffd49350000 - 0x00007ffd49427000 	C:\Windows\System32\OLEAUT32.dll
0x00007ffd1f540000 - 0x00007ffd1f572000 	C:\Windows\SYSTEM32\dbgcore.DLL
0x00007ffd47580000 - 0x00007ffd475fa000 	C:\Windows\System32\bcryptPrimitives.dll
0x00007ffd324d0000 - 0x00007ffd324ef000 	C:\Program Files\Java\jdk-21\bin\java.dll
0x00007ffd48af0000 - 0x00007ffd4934b000 	C:\Windows\System32\SHELL32.dll
0x00007ffd44b00000 - 0x00007ffd453f6000 	C:\Windows\SYSTEM32\windows.storage.dll
0x00007ffd449c0000 - 0x00007ffd44afe000 	C:\Windows\SYSTEM32\wintypes.dll
0x00007ffd49530000 - 0x00007ffd49623000 	C:\Windows\System32\SHCORE.dll
0x00007ffd47990000 - 0x00007ffd479ee000 	C:\Windows\System32\shlwapi.dll
0x00007ffd46b20000 - 0x00007ffd46b46000 	C:\Windows\SYSTEM32\profapi.dll
0x00007ffd323f0000 - 0x00007ffd324c7000 	C:\Program Files\Java\jdk-21\bin\jsvml.dll
0x00007ffd41fd0000 - 0x00007ffd41fe0000 	C:\Program Files\Java\jdk-21\bin\net.dll
0x00007ffd41630000 - 0x00007ffd41767000 	C:\Windows\SYSTEM32\WINHTTP.dll
0x00007ffd46060000 - 0x00007ffd460c9000 	C:\Windows\system32\mswsock.dll
0x00007ffd323d0000 - 0x00007ffd323e6000 	C:\Program Files\Java\jdk-21\bin\nio.dll
0x00007ffd323b0000 - 0x00007ffd323c8000 	C:\Program Files\Java\jdk-21\bin\zip.dll
0x0000000069ac0000 - 0x0000000069ae4000 	C:\Program Files\NetBeans-16\netbeans\java\maven\lib\jansi-native\Windows\x86_64\jansi.dll
0x00007ffd323a0000 - 0x00007ffd323b0000 	C:\Program Files\Java\jdk-21\bin\verify.dll

dbghelp: loaded successfully - version: 4.0.5 - missing functions: none
symbol engine: initialized successfully - sym options: 0x614 - pdb path: .;C:\Program Files\Java\jdk-21\bin;C:\Windows\SYSTEM32;C:\Windows\WinSxS\amd64_microsoft.windows.common-controls_6595b64144ccf1df_6.0.22621.2506_none_270c5ae97388e100;C:\Program Files\Java\jdk-21\bin\server;C:\Program Files\NetBeans-16\netbeans\java\maven\lib\jansi-native\Windows\x86_64

VM Arguments:
jvm_args: -Dclassworlds.conf=C:\Program Files\NetBeans-16\netbeans\java\maven\bin\m2.conf -Dmaven.home=C:\Program Files\NetBeans-16\netbeans\java\maven -Dlibrary.jansi.path=C:\Program Files\NetBeans-16\netbeans\java\maven\lib\jansi-native -Dmaven.multiModuleProjectDirectory=C:\Users\lys\Documents\NetBeansProjects\Amalitekk 
java_command: org.codehaus.plexus.classworlds.launcher.Launcher -Dmaven.ext.class.path=C:\Program Files\NetBeans-16\netbeans\java\maven-nblib\netbeans-eventspy.jar -Dfile.encoding=UTF-8 install
java_class_path (initial): C:\Program Files\NetBeans-16\netbeans\java\maven\boot\plexus-classworlds-2.6.0.jar
Launcher Type: SUN_STANDARD

[Global flags]
     intx CICompilerCount                          = 4                                         {product} {ergonomic}
     uint ConcGCThreads                            = 3                                         {product} {ergonomic}
     uint G1ConcRefinementThreads                  = 10                                        {product} {ergonomic}
   size_t G1HeapRegionSize                         = 1048576                                   {product} {ergonomic}
    uintx GCDrainStackTargetSize                   = 64                                        {product} {ergonomic}
   size_t InitialHeapSize                          = 65011712                                  {product} {ergonomic}
   size_t MarkStackSize                            = 4194304                                   {product} {ergonomic}
   size_t MaxHeapSize                              = 1029701632                                {product} {ergonomic}
   size_t MaxNewSize                               = 617611264                                 {product} {ergonomic}
   size_t MinHeapDeltaBytes                        = 1048576                                   {product} {ergonomic}
   size_t MinHeapSize                              = 8388608                                   {product} {ergonomic}
    uintx NonNMethodCodeHeapSize                   = 5839372                                {pd product} {ergonomic}
    uintx NonProfiledCodeHeapSize                  = 122909434                              {pd product} {ergonomic}
    uintx ProfiledCodeHeapSize                     = 122909434                              {pd product} {ergonomic}
    uintx ReservedCodeCacheSize                    = 251658240                              {pd product} {ergonomic}
     bool SegmentedCodeCache                       = true                                      {product} {ergonomic}
   size_t SoftMaxHeapSize                          = 1029701632                             {manageable} {ergonomic}
     bool UseCompressedOops                        = true                           {product lp64_product} {ergonomic}
     bool UseG1GC                                  = true                                      {product} {ergonomic}
     bool UseLargePagesIndividualAllocation        = false                                  {pd product} {ergonomic}

Logging:
Log output configuration:
 #0: stdout all=warning uptime,level,tags foldmultilines=false
 #1: stderr all=off uptime,level,tags foldmultilines=false

Environment Variables:
JAVA_HOME=C:\Program Files\Java\jdk-21
PATH=C:\Program Files\Common Files\Oracle\Java\javapath;C:\Program Files (x86)\Common Files\Oracle\Java\javapath;C:\Windows\system32;C:\Windows;C:\Windows\System32\Wbem;C:\Windows\System32\WindowsPowerShell\v1.0\;C:\Windows\System32\OpenSSH\;C:\Program Files\nodejs\;C:\Program Files\Git\cmd;C:\Program Files\dotnet\;C:\Program Files\Docker\Docker\resources\bin;C:\Users\lys\AppData\Local\Microsoft\WindowsApps;C:\Users\lys\AppData\Roaming\npm;C:\Program Files\JetBrains\IntelliJ IDEA Community Edition 2022.3.1\bin;;C:\Users\lys\AppData\Local\Programs\Microsoft VS Code\bin;C:\flutter_windows_3.16.8-stable\flutter\bin;
USERNAME=lys
OS=Windows_NT
PROCESSOR_IDENTIFIER=Intel64 Family 6 Model 165 Stepping 3, GenuineIntel
TMP=C:\Users\lys\AppData\Local\Temp
TEMP=C:\Users\lys\AppData\Local\Temp




Periodic native trim disabled

---------------  S Y S T E M  ---------------

OS:
 Windows 11 , 64 bit Build 22621 (10.0.22621.3085)
OS uptime: 0 days 2:50 hours
Hyper-V role detected

CPU: total 12 (initial active 12) (6 cores per cpu, 2 threads per core) family 6 model 165 stepping 3 microcode 0xf8, cx8, cmov, fxsr, ht, mmx, 3dnowpref, sse, sse2, sse3, ssse3, sse4.1, sse4.2, popcnt, lzcnt, tsc, tscinvbit, avx, avx2, aes, erms, clmul, bmi1, bmi2, adx, fma, vzeroupper, clflush, clflushopt, hv, rdtscp, f16c
Processor Information for all 12 processors :
  Max Mhz: 3096, Current Mhz: 3096, Mhz Limit: 3096

Memory: 4k page, system-wide physical 3923M (168M free)
TotalPageFile size 15699M (AvailPageFile size 0M)
current process WorkingSet (physical memory assigned to process): 46M, peak: 46M
current process commit charge ("private bytes"): 150M, peak: 150M

vm_info: Java HotSpot(TM) 64-Bit Server VM (21.0.1+12-LTS-29) for windows-amd64 JRE (21.0.1+12-LTS-29), built on 2023-10-05T13:27:09Z by "mach5one" with MS VC++ 17.1 (VS2022)

END.
